Sencha Cmd 6.0.1.76 - Crash report
================================================
An error occurred while executing the following command: --help

Diagnostic information:
=======================
                         app.archivePath : archive/${build.id}                               
                      app.bootstrap.base : F:\Development\workspaces\eclipse-mars\clinic-spring-extjs\src\main\webapp\ur/..
                       app.bootstrap.css : ur/bootstrap.css                                  
                  app.bootstrap.manifest : ur/${build.id}.json                               
               app.bootstrap.microloader : ur/bootstrap.js                                   
                app.builds.classic.theme : theme-triton                                      
              app.builds.classic.toolkit : classic                                           
                 app.builds.modern.theme : theme-triton                                      
               app.builds.modern.toolkit : modern                                            
                        app.cache.deltas : ${build.id}/deltas                                
                        app.cache.enable : false                                             
                   app.classic.js.0.path : F:\Development\workspaces\eclipse-mars\clinic-spring-extjs\src\main\webapp\ext/build/ext-all-rtl-debug.js
                   app.classic.js.length : 1                                                 
                           app.classpath : app,${toolkit.name}/src                           
                         app.classpath.0 : app                                               
                         app.classpath.1 : ${toolkit.name}/src                               
                    app.classpath.length : 2                                                 
                         app.cmd.version : 6.0.1.76                                          
                          app.config.dir : F:\Development\workspaces\eclipse-mars\clinic-spring-extjs\src\main\webapp\ur\.sencha\app
                app.cordova.cache.enable : false                                             
                   app.cordova.config.id : com.domain.Unrestricted                           
                 app.cordova.config.name : Unrestricted                                      
                 app.cordova.config.path : F:\Development\workspaces\eclipse-mars\clinic-spring-extjs\src\main\webapp\ur/cordova
               app.cordova.config.target :                                                   
              app.cordova.config.verbose : false                                             
                   app.cordova.js.0.path : cordova.js                                        
               app.cordova.js.0.priority : 1000                                              
                 app.cordova.js.0.remote : true                                              
                   app.cordova.js.length : 1                                                 
                 app.cordova.microloader : F:\Development\workspaces\eclipse-mars\clinic-spring-extjs\src\main\webapp\ur\.sencha\app/Microloader.js
      app.cordova.output.appCache.enable : false                                             
                 app.cordova.output.base : F:\Development\workspaces\eclipse-mars\clinic-spring-extjs\src\main\webapp\ur/cordova/www
             app.cordova.output.manifest : ${build.id}.json                                  
                 app.cordova.output.page : index.html                                        
                    app.development.tags :                                                   
             app.development.tags.length : 0                                                 
                                 app.dir : F:\Development\workspaces\eclipse-mars\clinic-spring-extjs\src\main\webapp\ur
              app.fashion.inliner.enable : false                                             
                           app.framework : ext                                               
                   app.framework.version : 6.0.0.640                                         
                                  app.id : 1ab70cd6-1409-4f55-b16e-b94af0363169              
                       app.indexHtmlPath : login.html                                        
                        app.loader.cache : false                                             
                   app.loader.cacheParam : _dc                                               
                    app.modern.js.0.path : F:\Development\workspaces\eclipse-mars\clinic-spring-extjs\src\main\webapp\ext/build/ext-modern-all-debug.js
                    app.modern.js.length : 1                                                 
                                app.name : Unrestricted                                      
              app.output.appCache.enable : false                                             
                         app.output.base : F:\Development\workspaces\eclipse-mars\clinic-spring-extjs\src\main\webapp/build/${build.environment}/ur
                           app.output.js : ${build.id}/app.js                                
                     app.output.manifest : ${build.id}.json                                  
           app.output.microloader.enable : true                                              
                         app.output.page : login.html                                        
               app.output.resources.path : ${build.id}/resources                             
             app.output.resources.shared : resources                                         
                           app.overrides : overrides,${toolkit.name}/overrides               
                         app.overrides.0 : overrides                                         
                         app.overrides.1 : ${toolkit.name}/overrides                         
                    app.overrides.length : 2                                                 
               app.phonegap.cache.enable : false                                             
                  app.phonegap.config.id : com.domain.Unrestricted                           
                app.phonegap.config.name : Unrestricted                                      
                app.phonegap.config.path : F:\Development\workspaces\eclipse-mars\clinic-spring-extjs\src\main\webapp\ur/phonegap
              app.phonegap.config.remote : false                                             
             app.phonegap.config.verbose : false                                             
                  app.phonegap.js.0.path : phonegap.js                                       
              app.phonegap.js.0.priority : 1000                                              
                app.phonegap.js.0.remote : true                                              
                  app.phonegap.js.length : 1                                                 
                app.phonegap.microloader : F:\Development\workspaces\eclipse-mars\clinic-spring-extjs\src\main\webapp\ur\.sencha\app/Microloader.js
     app.phonegap.output.appCache.enable : false                                             
                app.phonegap.output.base : F:\Development\workspaces\eclipse-mars\clinic-spring-extjs\src\main\webapp\ur/phonegap/www
            app.phonegap.output.manifest : ${build.id}.json                                  
                app.phonegap.output.page : index.html                                        
             app.production.cache.enable : true                                              
          app.production.compressor.type : yui                                               
             app.production.loader.cache : ${build.timestamp}                                
   app.production.output.appCache.enable : true                                              
     app.production.output.appCache.path : cache.appcache                                    
                      app.requires.names : ext,font-awesome                                  
                   app.requires.packages : F:\Development\workspaces\eclipse-mars\clinic-spring-extjs\src\main\webapp\ext,F:\Development\workspaces\eclipse-mars\clinic-spring-extjs\src\main\webapp\ext\packages\font-awesome
                      app.resource.paths :                                                   
                        app.sass.dynamic : true                                              
                            app.sass.etc : sass/etc/all.scss,${toolkit.name}/sass/etc/all.scss
                          app.sass.etc.0 : sass/etc/all.scss                                 
                          app.sass.etc.1 : ${toolkit.name}/sass/etc/all.scss                 
                     app.sass.etc.length : 2                                                 
                      app.sass.namespace : Unrestricted                                      
                            app.sass.src : sass/src,${toolkit.name}/sass/src                 
                          app.sass.src.0 : sass/src                                          
                          app.sass.src.1 : ${toolkit.name}/sass/src                          
                     app.sass.src.length : 2                                                 
                            app.sass.var : sass/var/all.scss,sass/var,${toolkit.name}/sass/var
                          app.sass.var.0 : sass/var/all.scss                                 
                          app.sass.var.1 : sass/var                                          
                          app.sass.var.2 : ${toolkit.name}/sass/var                          
                     app.sass.var.length : 3                                                 
                 app.slicer.cache.enable : false                                             
        app.slicer.js.0.isWidgetManifest : true                                              
                    app.slicer.js.0.path : F:\Development\workspaces\eclipse-mars\clinic-spring-extjs\src\main\webapp\ur/sass/example/custom.js
                    app.slicer.js.length : 1                                                 
       app.slicer.output.appCache.enable : false                                             
                             app.version : 1.0.0.0                                           
                    buildenvironment.dir : F:\Development\workspaces\eclipse-mars\clinic-spring-extjs\src\main\webapp\ur
               buildenvironment.load.dir : F:\Development\workspaces\eclipse-mars\clinic-spring-extjs\src\main\webapp\ur
                          cmd.config.dir : F:\Development\Sencha\Cmd\6.0.1.76                
                                 cmd.dir : F:\Development\Sencha\Cmd\6.0.1.76                
                    cmd.framework.minver : 5.5.0                                             
                   cmd.framework.version : 99.99                                             
                            cmd.jvm.args : -Xms128m -Xmx1024m -Dapple.awt.UIElement=true     
              cmd.merge.tool.args.araxis : -wait -merge -3 -a1 {base} {user} {generated} {out}
              cmd.merge.tool.args.kdiff3 : {base} {user} {generated} -o {out}                
             cmd.merge.tool.args.p4merge : {base} {user} {generated} {out}                   
           cmd.merge.tool.args.smartsync : {user} {generated} {base}                         
          cmd.merge.tool.args.sourcegear : --merge --result={out} {user} {base} {generated}  
            cmd.merge.tool.args.tortoise : -base:{base} -theirs:{generated} -mine:{user} -merged:{out}
                              cmd.minver : 3.0.0.0                                           
                            cmd.platform : windows                                           
                         cmd.server.port : 1841                                              
                     cmd.unicode.escapes : F:\Development\Sencha\Cmd\6.0.1.76/unicode-escapes.json
                             cmd.version : 6.0.1.76                                          
                            cmd.web.port : 1841                                              
                     config.skipDownload : true                                              
                      config.skipInherit : false                                             
                                 ext.dir : F:\Development\workspaces\eclipse-mars\clinic-spring-extjs\src\main\webapp/ext
                        ext.license.name : gpl                                               
                     framework.build.dir : ${package.output.base}                            
                     framework.classpath : ${package.dir}/src                                
                    framework.cmd.minver : 6.0.0.202                                         
                   framework.cmd.version : 6.0.0.202                                         
                 framework.compatVersion : 6.0.0                                             
                    framework.config.dir : F:\Development\Sencha\Cmd\6.0.1.76\plugins\ext\current
                       framework.creator : Sencha                                            
           framework.detailedDescription : Sencha Ext JS JavaScript Framework                
                           framework.dir : F:\Development\workspaces\eclipse-mars\clinic-spring-extjs\src\main\webapp\ext
                  framework.example.apps : admin-dashboard,executive-dashboard,kitchensink,classic/charts-kitchensink,classic/desktop,classic/ticket-app,classic/portal,classic/simple-tasks,classic/responsive-app,classic/aria,modern/addressbook,modern/energy,modern/stockapp,modern/states,modern/geocongress,modern/oreilly
                framework.example.apps.0 : admin-dashboard                                   
                framework.example.apps.1 : executive-dashboard                               
               framework.example.apps.10 : modern/addressbook                                
               framework.example.apps.11 : modern/energy                                     
               framework.example.apps.12 : modern/stockapp                                   
               framework.example.apps.13 : modern/states                                     
               framework.example.apps.14 : modern/geocongress                                
               framework.example.apps.15 : modern/oreilly                                    
                framework.example.apps.2 : kitchensink                                       
                framework.example.apps.3 : classic/charts-kitchensink                        
                framework.example.apps.4 : classic/desktop                                   
                framework.example.apps.5 : classic/ticket-app                                
                framework.example.apps.6 : classic/portal                                    
                framework.example.apps.7 : classic/simple-tasks                              
                framework.example.apps.8 : classic/responsive-app                            
                framework.example.apps.9 : classic/aria                                      
           framework.example.apps.length : 16                                                
                  framework.example.path : examples,templates                                
                framework.example.path.0 : examples                                          
                framework.example.path.1 : templates                                         
           framework.example.path.length : 2                                                 
                        framework.format : 1                                                 
                          framework.isV5 : true                                              
                          framework.isV6 : true                                              
                          framework.name : ext                                               
                        framework.output : ${package.dir}/build                              
                     framework.overrides : ${package.dir}/overrides                          
                  framework.packages.dir : F:\Development\workspaces\eclipse-mars\clinic-spring-extjs\src\main\webapp\ext/packages/,F:\Development\workspaces\eclipse-mars\clinic-spring-extjs\src\main\webapp\ext/${toolkit.name}
                     framework.resources : resources                                         
                   framework.resources.0 : resources                                         
              framework.resources.length : 1                                                 
                      framework.sass.etc : ${package.dir}/sass/etc/all.scss                  
                  framework.sass.fashion : true                                              
                framework.sass.namespace : Ext                                               
                      framework.sass.src : ${package.dir}/sass/src                           
                      framework.sass.var : ${package.dir}/sass/var                           
                       framework.subpkgs : classic/classic,modern/modern,packages/charts,packages/amf,packages/soap,packages/ux
                     framework.subpkgs.0 : classic/classic                                   
                     framework.subpkgs.1 : modern/modern                                     
                     framework.subpkgs.2 : packages/charts                                   
                     framework.subpkgs.3 : packages/amf                                      
                     framework.subpkgs.4 : packages/soap                                     
                     framework.subpkgs.5 : packages/ux                                       
                framework.subpkgs.length : 6                                                 
                       framework.summary : Ext JS                                            
                          framework.type : framework                                         
                       framework.version : 6.0.0.640                                         
                       inspector.address : http://localhost:1839/                            
                    package.sass.dynamic : true                                              
                          repo.local.dir : F:\Development\Sencha\Cmd\repo                    
        system.java.net.useSystemProxies : true                                              
                          workspace.apps : ur                                                
                        workspace.apps.0 : ur                                                
                   workspace.apps.length : 1                                                 
                     workspace.build.dir : F:\Development\workspaces\eclipse-mars\clinic-spring-extjs\src\main\webapp/build
                   workspace.cmd.version : 6.0.1.76                                          
                    workspace.config.dir : F:\Development\workspaces\eclipse-mars\clinic-spring-extjs\src\main\webapp\.sencha\workspace
                           workspace.dir : F:\Development\workspaces\eclipse-mars\clinic-spring-extjs\src\main\webapp
                  workspace.packages.dir : F:\Development\workspaces\eclipse-mars\clinic-spring-extjs\src\main\webapp/packages/local,F:\Development\workspaces\eclipse-mars\clinic-spring-extjs\src\main\webapp/packages
              workspace.packages.extract : F:\Development\workspaces\eclipse-mars\clinic-spring-extjs\src\main\webapp/packages/remote
                     workspace.theme.dir : F:\Development\workspaces\eclipse-mars\clinic-spring-extjs\src\main\webapp/packages/local,F:\Development\workspaces\eclipse-mars\clinic-spring-extjs\src\main\webapp/packages/${args.themeName}

Exception information:
=======================
No such property : help
     at com.sencha.cli.AbstractCommand$Properties.getProperty(AbstractCommand.java:444)
     at com.sencha.cli.AbstractCommand.parseConfigParam(AbstractCommand.java:468)
     at com.sencha.cli.AbstractCommand.processConfigParam(AbstractCommand.java:518)
     at com.sencha.cli.AbstractCommand.configure(AbstractCommand.java:114)
     at com.sencha.command.Sencha.main(Sencha.java:130)
     at sun.reflect.NativeMethodAccessorImpl.invoke0(Native Method)
     at sun.reflect.NativeMethodAccessorImpl.invoke(Unknown Source)
     at sun.reflect.DelegatingMethodAccessorImpl.invoke(Unknown Source)
     at java.lang.reflect.Method.invoke(Unknown Source)
     at com.exe4j.runtime.LauncherEngine.launch(Unknown Source)
     at com.exe4j.runtime.WinLauncher.main(Unknown Source)
     at com.install4j.runtime.launcher.WinLauncher.main(Unknown Source)

